  [1m[35m (0.2ms)[0m  [1m[34mSELECT sqlite_version(*)[0m
  ↳ bin/rails:9
  [1m[35m (78.2ms)[0m  [1m[35mCREATE TABLE "schema_migrations" ("version" varchar NOT NULL PRIMARY KEY)[0m
  ↳ bin/rails:9
  [1m[35m (41.6ms)[0m  [1m[35mCREATE TABLE "ar_internal_metadata" ("key" varchar NOT NULL PRIMARY KEY, "value" varchar, "created_at" datetime NOT NULL, "updated_at" datetime NOT NULL)[0m
  ↳ bin/rails:9
  [1m[35m (0.4ms)[0m  [1m[34mSELECT "schema_migrations"."version" FROM "schema_migrations" ORDER BY "schema_migrations"."version" ASC[0m
  ↳ bin/rails:9
Migrating to CreateCars (20191204164133)
  [1m[35m (0.2ms)[0m  [1m[36mbegin transaction[0m
  ↳ bin/rails:9
  [1m[35m (0.4ms)[0m  [1m[35mCREATE TABLE "cars" ("id" integer PRIMARY KEY AUTOINCREMENT NOT NULL, "make" varchar, "model" varchar, "year" integer, "created_at" datetime NOT NULL, "updated_at" datetime NOT NULL)[0m
  ↳ db/migrate/20191204164133_create_cars.rb:3
  [1m[36mActiveRecord::SchemaMigration Create (0.3ms)[0m  [1m[32mINSERT INTO "schema_migrations" ("version") VALUES (?)[0m  [["version", "20191204164133"]]
  ↳ bin/rails:9
  [1m[35m (44.5ms)[0m  [1m[36mcommit transaction[0m
  ↳ bin/rails:9
  [1m[36mActiveRecord::InternalMetadata Load (0.5ms)[0m  [1m[34mSELECT  "ar_internal_metadata".* FROM "ar_internal_metadata" WHERE "ar_internal_metadata"."key" = ? LIMIT ?[0m  [["key", "environment"], ["LIMIT", 1]]
  ↳ bin/rails:9
  [1m[35m (0.1ms)[0m  [1m[36mbegin transaction[0m
  ↳ bin/rails:9
  [1m[36mActiveRecord::InternalMetadata Create (0.4ms)[0m  [1m[32mINSERT INTO "ar_internal_metadata" ("key", "value", "created_at", "updated_at") VALUES (?, ?, ?, ?)[0m  [["key", "environment"], ["value", "development"], ["created_at", "2019-12-04 16:41:55.540385"], ["updated_at", "2019-12-04 16:41:55.540385"]]
  ↳ bin/rails:9
  [1m[35m (19.4ms)[0m  [1m[36mcommit transaction[0m
  ↳ bin/rails:9
  [1m[35m (0.2ms)[0m  [1m[34mSELECT "schema_migrations"."version" FROM "schema_migrations" ORDER BY "schema_migrations"."version" ASC[0m
  ↳ bin/rails:9
Started GET "/" for ::1 at 2019-12-04 13:42:10 -0300
  [1m[35m (0.4ms)[0m  [1m[34mSELECT "schema_migrations"."version" FROM "schema_migrations" ORDER BY "schema_migrations"."version" ASC[0m
  ↳ /home/felipeenne/.rbenv/versions/2.6.4/lib/ruby/gems/2.6.0/gems/activerecord-5.2.4/lib/active_record/log_subscriber.rb:98
Processing by Rails::WelcomeController#index as HTML
  Rendering /home/felipeenne/.rbenv/versions/2.6.4/lib/ruby/gems/2.6.0/gems/railties-5.2.4/lib/rails/templates/rails/welcome/index.html.erb
  Rendered /home/felipeenne/.rbenv/versions/2.6.4/lib/ruby/gems/2.6.0/gems/railties-5.2.4/lib/rails/templates/rails/welcome/index.html.erb (7.3ms)
Completed 200 OK in 65ms (Views: 42.1ms | ActiveRecord: 0.0ms)


Started GET "/cars" for ::1 at 2019-12-04 13:42:42 -0300
Processing by CarsController#index as HTML
  Rendering cars/index.html.erb within layouts/application
  [1m[36mCar Load (1.5ms)[0m  [1m[34mSELECT "cars".* FROM "cars"[0m
  ↳ app/views/cars/index.html.erb:16
  Rendered cars/index.html.erb within layouts/application (10.4ms)
Completed 200 OK in 3352ms (Views: 3341.8ms | ActiveRecord: 3.6ms)


Started GET "/cars/new" for ::1 at 2019-12-04 13:42:48 -0300
Processing by CarsController#new as HTML
  Rendering cars/new.html.erb within layouts/application
  Rendered cars/_form.html.erb (96.8ms)
  Rendered cars/new.html.erb within layouts/application (101.0ms)
Completed 200 OK in 149ms (Views: 133.4ms | ActiveRecord: 0.7ms)


Started POST "/cars" for ::1 at 2019-12-04 13:42:57 -0300
Processing by CarsController#create as HTML
  Parameters: {"utf8"=>"✓", "authenticity_token"=>"0bDyak9DVia0FAxTYfs+hsCBt6JAqeRMA3A/PnRmlCotJ++r9g5AOqfJ/sLR28Zl5H8XOgvWfkraDVlXUy2aAw==", "car"=>{"make"=>"dass", "model"=>"dsa", "year"=>"2121"}, "commit"=>"Create Car"}
  [1m[35m (0.1ms)[0m  [1m[36mbegin transaction[0m
  ↳ app/controllers/cars_controller.rb:30
  [1m[36mCar Create (0.6ms)[0m  [1m[32mINSERT INTO "cars" ("make", "model", "year", "created_at", "updated_at") VALUES (?, ?, ?, ?, ?)[0m  [["make", "dass"], ["model", "dsa"], ["year", 2121], ["created_at", "2019-12-04 16:42:57.460860"], ["updated_at", "2019-12-04 16:42:57.460860"]]
  ↳ app/controllers/cars_controller.rb:30
  [1m[35m (35.4ms)[0m  [1m[36mcommit transaction[0m
  ↳ app/controllers/cars_controller.rb:30
Redirected to http://localhost:3000/cars/1
Completed 302 Found in 48ms (ActiveRecord: 36.1ms)


Started GET "/cars/1" for ::1 at 2019-12-04 13:42:57 -0300
Processing by CarsController#show as HTML
  Parameters: {"id"=>"1"}
  [1m[36mCar Load (0.6ms)[0m  [1m[34mSELECT  "cars".* FROM "cars" WHERE "cars"."id" = ? LIMIT ?[0m  [["id", 1], ["LIMIT", 1]]
  ↳ app/controllers/cars_controller.rb:67
  Rendering cars/show.html.erb within layouts/application
  Rendered cars/show.html.erb within layouts/application (2.2ms)
Completed 200 OK in 88ms (Views: 74.7ms | ActiveRecord: 0.6ms)


Started GET "/cars" for ::1 at 2019-12-04 13:42:59 -0300
Processing by CarsController#index as HTML
  Rendering cars/index.html.erb within layouts/application
  [1m[36mCar Load (0.3ms)[0m  [1m[34mSELECT "cars".* FROM "cars"[0m
  ↳ app/views/cars/index.html.erb:16
  Rendered cars/index.html.erb within layouts/application (7.6ms)
Completed 200 OK in 75ms (Views: 72.3ms | ActiveRecord: 0.3ms)


Started GET "/cars/1" for ::1 at 2019-12-04 13:43:02 -0300
Processing by CarsController#show as HTML
  Parameters: {"id"=>"1"}
  [1m[36mCar Load (0.1ms)[0m  [1m[34mSELECT  "cars".* FROM "cars" WHERE "cars"."id" = ? LIMIT ?[0m  [["id", 1], ["LIMIT", 1]]
  ↳ app/controllers/cars_controller.rb:67
  Rendering cars/show.html.erb within layouts/application
  Rendered cars/show.html.erb within layouts/application (0.7ms)
Completed 200 OK in 107ms (Views: 104.4ms | ActiveRecord: 0.1ms)


Started GET "/cars" for ::1 at 2019-12-04 13:43:03 -0300
Processing by CarsController#index as HTML
  Rendering cars/index.html.erb within layouts/application
  [1m[36mCar Load (0.6ms)[0m  [1m[34mSELECT "cars".* FROM "cars"[0m
  ↳ app/views/cars/index.html.erb:16
  Rendered cars/index.html.erb within layouts/application (7.8ms)
Completed 200 OK in 40ms (Views: 38.0ms | ActiveRecord: 0.6ms)


Started GET "/cars/1/edit" for ::1 at 2019-12-04 13:43:05 -0300
Processing by CarsController#edit as HTML
  Parameters: {"id"=>"1"}
  [1m[36mCar Load (0.2ms)[0m  [1m[34mSELECT  "cars".* FROM "cars" WHERE "cars"."id" = ? LIMIT ?[0m  [["id", 1], ["LIMIT", 1]]
  ↳ app/controllers/cars_controller.rb:67
  Rendering cars/edit.html.erb within layouts/application
  Rendered cars/_form.html.erb (4.0ms)
  Rendered cars/edit.html.erb within layouts/application (6.1ms)
Completed 200 OK in 40ms (Views: 37.1ms | ActiveRecord: 0.2ms)


Started PATCH "/cars/1" for ::1 at 2019-12-04 13:43:08 -0300
Processing by CarsController#update as HTML
  Parameters: {"utf8"=>"✓", "authenticity_token"=>"11aBoc5GbZ/jr0kHD4DfvyPXaGsBVORJW+n+pGcOp7N6ix4TYECScbUPOMfK//ZIq+ARoKBEySkLLw0K07BxcA==", "car"=>{"make"=>"dass", "model"=>"dsa332", "year"=>"2121"}, "commit"=>"Update Car", "id"=>"1"}
  [1m[36mCar Load (0.3ms)[0m  [1m[34mSELECT  "cars".* FROM "cars" WHERE "cars"."id" = ? LIMIT ?[0m  [["id", 1], ["LIMIT", 1]]
  ↳ app/controllers/cars_controller.rb:67
  [1m[35m (0.2ms)[0m  [1m[36mbegin transaction[0m
  ↳ app/controllers/cars_controller.rb:44
  [1m[36mCar Update (1.1ms)[0m  [1m[33mUPDATE "cars" SET "model" = ?, "updated_at" = ? WHERE "cars"."id" = ?[0m  [["model", "dsa332"], ["updated_at", "2019-12-04 16:43:08.106096"], ["id", 1]]
  ↳ app/controllers/cars_controller.rb:44
  [1m[35m (33.9ms)[0m  [1m[36mcommit transaction[0m
  ↳ app/controllers/cars_controller.rb:44
Redirected to http://localhost:3000/cars/1
Completed 302 Found in 51ms (ActiveRecord: 35.5ms)


Started GET "/cars/1" for ::1 at 2019-12-04 13:43:08 -0300
Processing by CarsController#show as HTML
  Parameters: {"id"=>"1"}
  [1m[36mCar Load (0.1ms)[0m  [1m[34mSELECT  "cars".* FROM "cars" WHERE "cars"."id" = ? LIMIT ?[0m  [["id", 1], ["LIMIT", 1]]
  ↳ app/controllers/cars_controller.rb:67
  Rendering cars/show.html.erb within layouts/application
  Rendered cars/show.html.erb within layouts/application (0.6ms)
Completed 200 OK in 37ms (Views: 36.0ms | ActiveRecord: 0.1ms)


Started GET "/cars" for ::1 at 2019-12-04 13:43:10 -0300
Processing by CarsController#index as HTML
  Rendering cars/index.html.erb within layouts/application
  [1m[36mCar Load (0.2ms)[0m  [1m[34mSELECT "cars".* FROM "cars"[0m
  ↳ app/views/cars/index.html.erb:16
  Rendered cars/index.html.erb within layouts/application (2.7ms)
Completed 200 OK in 36ms (Views: 34.7ms | ActiveRecord: 0.2ms)


